This is pdfTeX, Version 3.14159265-2.6-1.40.21 (TeX Live 2020) (preloaded format=pdflatex 2020.6.8)  28 AUG 2020 13:53
entering extended mode
 restricted \write18 enabled.
 %&-line parsing enabled.
**multi.tex
(./multi.tex
LaTeX2e <2020-02-02> patch level 5
L3 programming layer <2020-03-06>
(/usr/local/texlive/2020/texmf-dist/tex/latex/base/report.cls
Document Class: report 2019/12/20 v1.4l Standard LaTeX document class
(/usr/local/texlive/2020/texmf-dist/tex/latex/base/size10.clo
File: size10.clo 2019/12/20 v1.4l Standard LaTeX file (size option)
)
\c@part=\count167
\c@chapter=\count168
\c@section=\count169
\c@subsection=\count170
\c@subsubsection=\count171
\c@paragraph=\count172
\c@subparagraph=\count173
\c@figure=\count174
\c@table=\count175
\abovecaptionskip=\skip47
\belowcaptionskip=\skip48
\bibindent=\dimen134
)
(/usr/local/texlive/2020/texmf-dist/tex/latex/hyperref/hyperref.sty
Package: hyperref 2020/01/14 v7.00d Hypertext links for LaTeX

(/usr/local/texlive/2020/texmf-dist/tex/generic/ltxcmds/ltxcmds.sty
Package: ltxcmds 2019/12/15 v1.24 LaTeX kernel commands for general use (HO)
)
(/usr/local/texlive/2020/texmf-dist/tex/generic/iftex/iftex.sty
Package: iftex 2020/03/06 v1.0d TeX engine tests
)
(/usr/local/texlive/2020/texmf-dist/tex/latex/pdftexcmds/pdftexcmds.sty
Package: pdftexcmds 2019/11/24 v0.31 Utility functions of pdfTeX for LuaTeX (HO
)

(/usr/local/texlive/2020/texmf-dist/tex/generic/infwarerr/infwarerr.sty
Package: infwarerr 2019/12/03 v1.5 Providing info/warning/error messages (HO)
)
Package pdftexcmds Info: \pdf@primitive is available.
Package pdftexcmds Info: \pdf@ifprimitive is available.
Package pdftexcmds Info: \pdfdraftmode found.
)
(/usr/local/texlive/2020/texmf-dist/tex/latex/graphics/keyval.sty
Package: keyval 2014/10/28 v1.15 key=value parser (DPC)
\KV@toks@=\toks15
)
(/usr/local/texlive/2020/texmf-dist/tex/generic/kvsetkeys/kvsetkeys.sty
Package: kvsetkeys 2019/12/15 v1.18 Key value parser (HO)
)
(/usr/local/texlive/2020/texmf-dist/tex/generic/kvdefinekeys/kvdefinekeys.sty
Package: kvdefinekeys 2019-12-19 v1.6 Define keys (HO)
)
(/usr/local/texlive/2020/texmf-dist/tex/generic/pdfescape/pdfescape.sty
Package: pdfescape 2019/12/09 v1.15 Implements pdfTeX's escape features (HO)
)
(/usr/local/texlive/2020/texmf-dist/tex/latex/hycolor/hycolor.sty
Package: hycolor 2020-01-27 v1.10 Color options for hyperref/bookmark (HO)
)
(/usr/local/texlive/2020/texmf-dist/tex/latex/letltxmacro/letltxmacro.sty
Package: letltxmacro 2019/12/03 v1.6 Let assignment for LaTeX macros (HO)
)
(/usr/local/texlive/2020/texmf-dist/tex/latex/auxhook/auxhook.sty
Package: auxhook 2019-12-17 v1.6 Hooks for auxiliary files (HO)
)
(/usr/local/texlive/2020/texmf-dist/tex/latex/kvoptions/kvoptions.sty
Package: kvoptions 2019/11/29 v3.13 Key value format for package options (HO)
)
\@linkdim=\dimen135
\Hy@linkcounter=\count176
\Hy@pagecounter=\count177

(/usr/local/texlive/2020/texmf-dist/tex/latex/hyperref/pd1enc.def
File: pd1enc.def 2020/01/14 v7.00d Hyperref: PDFDocEncoding definition (HO)
Now handling font encoding PD1 ...
... no UTF-8 mapping file for font encoding PD1
)
(/usr/local/texlive/2020/texmf-dist/tex/generic/intcalc/intcalc.sty
Package: intcalc 2019/12/15 v1.3 Expandable calculations with integers (HO)
)
(/usr/local/texlive/2020/texmf-dist/tex/generic/etexcmds/etexcmds.sty
Package: etexcmds 2019/12/15 v1.7 Avoid name clashes with e-TeX commands (HO)
)
\Hy@SavedSpaceFactor=\count178
Package hyperref Info: Hyper figures OFF on input line 4547.
Package hyperref Info: Link nesting OFF on input line 4552.
Package hyperref Info: Hyper index ON on input line 4555.
Package hyperref Info: Plain pages OFF on input line 4562.
Package hyperref Info: Backreferencing OFF on input line 4567.
Package hyperref Info: Implicit mode ON; LaTeX internals redefined.
Package hyperref Info: Bookmarks ON on input line 4800.
\c@Hy@tempcnt=\count179

(/usr/local/texlive/2020/texmf-dist/tex/latex/url/url.sty
\Urlmuskip=\muskip16
Package: url 2013/09/16  ver 3.4  Verb mode for urls, etc.
)
LaTeX Info: Redefining \url on input line 5159.
\XeTeXLinkMargin=\dimen136

(/usr/local/texlive/2020/texmf-dist/tex/generic/bitset/bitset.sty
Package: bitset 2019/12/09 v1.3 Handle bit-vector datatype (HO)

(/usr/local/texlive/2020/texmf-dist/tex/generic/bigintcalc/bigintcalc.sty
Package: bigintcalc 2019/12/15 v1.5 Expandable calculations on big integers (HO
)
))
\Fld@menulength=\count180
\Field@Width=\dimen137
\Fld@charsize=\dimen138
Package hyperref Info: Hyper figures OFF on input line 6430.
Package hyperref Info: Link nesting OFF on input line 6435.
Package hyperref Info: Hyper index ON on input line 6438.
Package hyperref Info: backreferencing OFF on input line 6445.
Package hyperref Info: Link coloring OFF on input line 6450.
Package hyperref Info: Link coloring with OCG OFF on input line 6455.
Package hyperref Info: PDF/A mode OFF on input line 6460.
LaTeX Info: Redefining \ref on input line 6500.
LaTeX Info: Redefining \pageref on input line 6504.

(/usr/local/texlive/2020/texmf-dist/tex/generic/atbegshi/atbegshi.sty
Package: atbegshi 2019/12/05 v1.19 At begin shipout hook (HO)
)
\Hy@abspage=\count181
\c@Item=\count182
\c@Hfootnote=\count183
)
Package hyperref Info: Driver (autodetected): hpdftex.

(/usr/local/texlive/2020/texmf-dist/tex/latex/hyperref/hpdftex.def
File: hpdftex.def 2020/01/14 v7.00d Hyperref driver for pdfTeX

(/usr/local/texlive/2020/texmf-dist/tex/latex/atveryend/atveryend.sty
Package: atveryend 2019-12-11 v1.11 Hooks at the very end of document (HO)
Package atveryend Info: \enddocument detected (standard20110627).
)
\Fld@listcount=\count184
\c@bookmark@seq@number=\count185

(/usr/local/texlive/2020/texmf-dist/tex/latex/rerunfilecheck/rerunfilecheck.sty
Package: rerunfilecheck 2019/12/05 v1.9 Rerun checks for auxiliary files (HO)

(/usr/local/texlive/2020/texmf-dist/tex/generic/uniquecounter/uniquecounter.sty
Package: uniquecounter 2019/12/15 v1.4 Provide unlimited unique counter (HO)
)
Package uniquecounter Info: New unique counter `rerunfilecheck' on input line 2
86.
)
\Hy@SectionHShift=\skip49
) (/usr/local/texlive/2020/texmf-dist/tex/latex/graphics/graphicx.sty
Package: graphicx 2019/11/30 v1.2a Enhanced LaTeX Graphics (DPC,SPQR)

(/usr/local/texlive/2020/texmf-dist/tex/latex/graphics/graphics.sty
Package: graphics 2019/11/30 v1.4a Standard LaTeX Graphics (DPC,SPQR)

(/usr/local/texlive/2020/texmf-dist/tex/latex/graphics/trig.sty
Package: trig 2016/01/03 v1.10 sin cos tan (DPC)
)
(/usr/local/texlive/2020/texmf-dist/tex/latex/graphics-cfg/graphics.cfg
File: graphics.cfg 2016/06/04 v1.11 sample graphics configuration
)
Package graphics Info: Driver file: pdftex.def on input line 105.

(/usr/local/texlive/2020/texmf-dist/tex/latex/graphics-def/pdftex.def
File: pdftex.def 2018/01/08 v1.0l Graphics/color driver for pdftex
))
\Gin@req@height=\dimen139
\Gin@req@width=\dimen140
)
(/usr/local/texlive/2020/texmf-dist/tex/latex/float/float.sty
Package: float 2001/11/08 v1.3d Float enhancements (AL)
\c@float@type=\count186
\float@exts=\toks16
\float@box=\box45
\@float@everytoks=\toks17
\@floatcapt=\box46
)
(/usr/local/texlive/2020/texmf-dist/tex/latex/subfigure/subfigure.sty
Package: subfigure 2002/03/15 v2.1.5 subfigure package
\subfigtopskip=\skip50
\subfigcapskip=\skip51
\subfigcaptopadj=\dimen141
\subfigbottomskip=\skip52
\subfigcapmargin=\dimen142
\subfiglabelskip=\skip53
\c@subfigure=\count187
\c@lofdepth=\count188
\c@subtable=\count189
\c@lotdepth=\count190

****************************************
* Local config file subfigure.cfg used *
****************************************
(/usr/local/texlive/2020/texmf-dist/tex/latex/subfigure/subfigure.cfg)
\subfig@top=\skip54
\subfig@bottom=\skip55
)
(/usr/local/texlive/2020/texmf-dist/tex/latex/booktabs/booktabs.sty
Package: booktabs 2020/01/12 v1.61803398 Publication quality tables
\heavyrulewidth=\dimen143
\lightrulewidth=\dimen144
\cmidrulewidth=\dimen145
\belowrulesep=\dimen146
\belowbottomsep=\dimen147
\aboverulesep=\dimen148
\abovetopsep=\dimen149
\cmidrulesep=\dimen150
\cmidrulekern=\dimen151
\defaultaddspace=\dimen152
\@cmidla=\count191
\@cmidlb=\count192
\@aboverulesep=\dimen153
\@belowrulesep=\dimen154
\@thisruleclass=\count193
\@lastruleclass=\count194
\@thisrulewidth=\dimen155
)
(/usr/local/texlive/2020/texmf-dist/tex/latex/diagbox/diagbox.sty
Package: diagbox 2020/02/09 v2.3 Making table heads with diagonal lines

(/usr/local/texlive/2020/texmf-dist/tex/latex/pict2e/pict2e.sty
Package: pict2e 2019/08/20 v0.3c Improved picture commands (HjG,RN,JT)

(/usr/local/texlive/2020/texmf-dist/tex/latex/pict2e/pict2e.cfg
File: pict2e.cfg 2016/02/05 v0.1u pict2e configuration for teTeX/TeXLive
)
Package pict2e Info: Driver file: pdftex.def on input line 119.
Package pict2e Info: Driver file for pict2e: p2e-pdftex.def on input line 121.

(/usr/local/texlive/2020/texmf-dist/tex/latex/pict2e/p2e-pdftex.def
File: p2e-pdftex.def 2016/02/05 v0.1u Driver-dependant file (RN,HjG,JT)
)
\pIIe@GRAPH=\toks18
\@arclen=\dimen156
\@arcrad=\dimen157
\@tempdimd=\dimen158
)
(/usr/local/texlive/2020/texmf-dist/tex/latex/tools/calc.sty
Package: calc 2017/05/25 v4.3 Infix arithmetic (KKT,FJ)
\calc@Acount=\count195
\calc@Bcount=\count196
\calc@Adimen=\dimen159
\calc@Bdimen=\dimen160
\calc@Askip=\skip56
\calc@Bskip=\skip57
LaTeX Info: Redefining \setlength on input line 80.
LaTeX Info: Redefining \addtolength on input line 81.
\calc@Ccount=\count197
\calc@Cskip=\skip58
)
(/usr/local/texlive/2020/texmf-dist/tex/latex/tools/array.sty
Package: array 2019/08/31 v2.4l Tabular extension package (FMi)
\col@sep=\dimen161
\ar@mcellbox=\box47
\extrarowheight=\dimen162
\NC@list=\toks19
\extratabsurround=\skip59
\backup@length=\skip60
\ar@cellbox=\box48
)
\diagbox@boxa=\box49
\diagbox@boxb=\box50
\diagbox@boxm=\box51
\diagbox@wd=\dimen163
\diagbox@ht=\dimen164
\diagbox@insepl=\dimen165
\diagbox@insepr=\dimen166
\diagbox@outsepl=\dimen167
\diagbox@outsepr=\dimen168
)
(/usr/local/texlive/2020/texmf-dist/tex/latex/amsmath/amsmath.sty
Package: amsmath 2020/01/20 v2.17e AMS math features
\@mathmargin=\skip61

For additional information on amsmath, use the `?' option.
(/usr/local/texlive/2020/texmf-dist/tex/latex/amsmath/amstext.sty
Package: amstext 2000/06/29 v2.01 AMS text

(/usr/local/texlive/2020/texmf-dist/tex/latex/amsmath/amsgen.sty
File: amsgen.sty 1999/11/30 v2.0 generic functions
\@emptytoks=\toks20
\ex@=\dimen169
))
(/usr/local/texlive/2020/texmf-dist/tex/latex/amsmath/amsbsy.sty
Package: amsbsy 1999/11/29 v1.2d Bold Symbols
\pmbraise@=\dimen170
)
(/usr/local/texlive/2020/texmf-dist/tex/latex/amsmath/amsopn.sty
Package: amsopn 2016/03/08 v2.02 operator names
)
\inf@bad=\count198
LaTeX Info: Redefining \frac on input line 227.
\uproot@=\count199
\leftroot@=\count266
LaTeX Info: Redefining \overline on input line 389.
\classnum@=\count267
\DOTSCASE@=\count268
LaTeX Info: Redefining \ldots on input line 486.
LaTeX Info: Redefining \dots on input line 489.
LaTeX Info: Redefining \cdots on input line 610.
\Mathstrutbox@=\box52
\strutbox@=\box53
\big@size=\dimen171
LaTeX Font Info:    Redeclaring font encoding OML on input line 733.
LaTeX Font Info:    Redeclaring font encoding OMS on input line 734.
\macc@depth=\count269
\c@MaxMatrixCols=\count270
\dotsspace@=\muskip17
\c@parentequation=\count271
\dspbrk@lvl=\count272
\tag@help=\toks21
\row@=\count273
\column@=\count274
\maxfields@=\count275
\andhelp@=\toks22
\eqnshift@=\dimen172
\alignsep@=\dimen173
\tagshift@=\dimen174
\tagwidth@=\dimen175
\totwidth@=\dimen176
\lineht@=\dimen177
\@envbody=\toks23
\multlinegap=\skip62
\multlinetaggap=\skip63
\mathdisplay@stack=\toks24
LaTeX Info: Redefining \[ on input line 2859.
LaTeX Info: Redefining \] on input line 2860.
)
(/usr/local/texlive/2020/texmf-dist/tex/latex/tools/bm.sty
Package: bm 2019/07/24 v1.2d Bold Symbol Support (DPC/FMi)
\symboldoperators=\mathgroup4
\symboldletters=\mathgroup5
\symboldsymbols=\mathgroup6
LaTeX Font Info:    Redeclaring math alphabet \mathbf on input line 141.
LaTeX Info: Redefining \bm on input line 209.
)
(/usr/local/texlive/2020/texmf-dist/tex/latex/tools/indentfirst.sty
Package: indentfirst 1995/11/23 v1.03 Indent first paragraph (DPC)
)
(/usr/local/texlive/2020/texmf-dist/tex/latex/l3backend/l3backend-pdfmode.def
File: l3backend-pdfmode.def 2020-03-12 L3 backend support: PDF mode
\l__kernel_color_stack_int=\count276
\l__pdf_internal_box=\box54
)
(./multi.aux)
\openout1 = `multi.aux'.

LaTeX Font Info:    Checking defaults for OML/cmm/m/it on input line 11.
LaTeX Font Info:    ... okay on input line 11.
LaTeX Font Info:    Checking defaults for OMS/cmsy/m/n on input line 11.
LaTeX Font Info:    ... okay on input line 11.
LaTeX Font Info:    Checking defaults for OT1/cmr/m/n on input line 11.
LaTeX Font Info:    ... okay on input line 11.
LaTeX Font Info:    Checking defaults for T1/cmr/m/n on input line 11.
LaTeX Font Info:    ... okay on input line 11.
LaTeX Font Info:    Checking defaults for TS1/cmr/m/n on input line 11.
LaTeX Font Info:    ... okay on input line 11.
LaTeX Font Info:    Checking defaults for OMX/cmex/m/n on input line 11.
LaTeX Font Info:    ... okay on input line 11.
LaTeX Font Info:    Checking defaults for U/cmr/m/n on input line 11.
LaTeX Font Info:    ... okay on input line 11.
LaTeX Font Info:    Checking defaults for PD1/pdf/m/n on input line 11.
LaTeX Font Info:    ... okay on input line 11.
\AtBeginShipoutBox=\box55
Package hyperref Info: Link coloring OFF on input line 11.

(/usr/local/texlive/2020/texmf-dist/tex/latex/hyperref/nameref.sty
Package: nameref 2019/09/16 v2.46 Cross-referencing by name of section

(/usr/local/texlive/2020/texmf-dist/tex/latex/refcount/refcount.sty
Package: refcount 2019/12/15 v3.6 Data extraction from label references (HO)
)
(/usr/local/texlive/2020/texmf-dist/tex/generic/gettitlestring/gettitlestring.s
ty
Package: gettitlestring 2019/12/15 v1.6 Cleanup title references (HO)
)
\c@section@level=\count277
)
LaTeX Info: Redefining \ref on input line 11.
LaTeX Info: Redefining \pageref on input line 11.
LaTeX Info: Redefining \nameref on input line 11.
 (./multi.out) (./multi.out)
\@outlinefile=\write3
\openout3 = `multi.out'.


(/usr/local/texlive/2020/texmf-dist/tex/context/base/mkii/supp-pdf.mkii
[Loading MPS to PDF converter (version 2006.09.02).]
\scratchcounter=\count278
\scratchdimen=\dimen178
\scratchbox=\box56
\nofMPsegments=\count279
\nofMParguments=\count280
\everyMPshowfont=\toks25
\MPscratchCnt=\count281
\MPscratchDim=\dimen179
\MPnumerator=\count282
\makeMPintoPDFobject=\count283
\everyMPtoPDFconversion=\toks26
) (/usr/local/texlive/2020/texmf-dist/tex/latex/epstopdf-pkg/epstopdf-base.sty
Package: epstopdf-base 2020-01-24 v2.11 Base part for package epstopdf
Package epstopdf-base Info: Redefining graphics rule for `.eps' on input line 4
85.

(/usr/local/texlive/2020/texmf-dist/tex/latex/latexconfig/epstopdf-sys.cfg
File: epstopdf-sys.cfg 2010/07/13 v1.3 Configuration of (r)epstopdf for TeX Liv
e
))
[1

{/usr/local/texlive/2020/texmf-var/fonts/map/pdftex/updmap/pdftex.map}]
(./multi.toc)
\tf@toc=\write4
\openout4 = `multi.toc'.

pdfTeX warning (ext4): destination with the same identifier (name{page.1}) has 
been already used, duplicate ignored
<to be read again> 
                   \relax 
l.18 \newpage
              [1

]
Overfull \hbox (0.79625pt too wide) in paragraph at lines 20--20
[]\OT1/cmr/bx/n/14.4 Data prepa-ra-tion and mo-ti-va-tion (As-sign-ment
 []


Overfull \hbox (9.05295pt too wide) in paragraph at lines 25--25
[]\OT1/cmr/bx/n/14.4 Data de-scrip-tion (As-sign-ment 1,d) [code line:69
 []

<data_plot.png, id=81, 567.11874pt x 451.6875pt>
File: data_plot.png Graphic file (type png)
<use data_plot.png>
Package pdftex.def Info: data_plot.png  used on input line 30.
(pdftex.def)             Requested size: 345.00734pt x 219.99861pt.
[2pdfTeX warning (ext4): destination with the same identifier (name{figure.0.1}
) has been already used, duplicate ignored

\AtBegShi@Output ...ipout \box \AtBeginShipoutBox 
                                                  \fi \fi 
l.36 
      <./data_plot.png>]
Overfull \hbox (10.27124pt too wide) in paragraph at lines 44--44
[]\OT1/cmr/bx/n/14.4 Stationarity test (As-sign-ment 2, a) [code line:93
 []


Overfull \hbox (9.30627pt too wide) in paragraph at lines 52--62
 [][] 
 []

[3]
Overfull \hbox (2.77867pt too wide) in paragraph at lines 73--83
 [][] 
 []

<ratio_plot.png, id=99, 1803.73875pt x 1429.34pt>
File: ratio_plot.png Graphic file (type png)
<use ratio_plot.png>
Package pdftex.def Info: ratio_plot.png  used on input line 89.
(pdftex.def)             Requested size: 345.0pt x 273.38765pt.
[4pdfTeX warning (ext4): destination with the same identifier (name{table.0.1})
 has been already used, duplicate ignored

\AtBegShi@Output ...ipout \box \AtBeginShipoutBox 
                                                  \fi \fi 
l.93 
     pdfTeX warning (ext4): destination with the same identifier (name{table.0.
2}) has been already used, duplicate ignored

\AtBegShi@Output ...ipout \box \AtBeginShipoutBox 
                                                  \fi \fi 
l.93 
     ]
<acf_ori_gdp.png, id=107, 567.11874pt x 451.6875pt>
File: acf_ori_gdp.png Graphic file (type png)
<use acf_ori_gdp.png>
Package pdftex.def Info: acf_ori_gdp.png  used on input line 105.
(pdftex.def)             Requested size: 155.24895pt x 123.64583pt.
<acf_pre_gdp.png, id=108, 567.11874pt x 451.6875pt>
File: acf_pre_gdp.png Graphic file (type png)
<use acf_pre_gdp.png>
Package pdftex.def Info: acf_pre_gdp.png  used on input line 108.
(pdftex.def)             Requested size: 155.24895pt x 123.64583pt.
<acf_ori_cpi.png, id=109, 567.11874pt x 451.6875pt>
File: acf_ori_cpi.png Graphic file (type png)
<use acf_ori_cpi.png>
Package pdftex.def Info: acf_ori_cpi.png  used on input line 112.
(pdftex.def)             Requested size: 155.24895pt x 123.64583pt.
<acf_pre_cpi.png, id=110, 567.11874pt x 451.6875pt>
File: acf_pre_cpi.png Graphic file (type png)
<use acf_pre_cpi.png>
Package pdftex.def Info: acf_pre_cpi.png  used on input line 115.
(pdftex.def)             Requested size: 155.24895pt x 123.64583pt.
<acf_ori_ump.png, id=111, 567.11874pt x 451.6875pt>
File: acf_ori_ump.png Graphic file (type png)
<use acf_ori_ump.png>
Package pdftex.def Info: acf_ori_ump.png  used on input line 119.
(pdftex.def)             Requested size: 155.24895pt x 123.64583pt.
<acf_pre_ump.png, id=112, 567.11874pt x 451.6875pt>
File: acf_pre_ump.png Graphic file (type png)
<use acf_pre_ump.png>
Package pdftex.def Info: acf_pre_ump.png  used on input line 122.
(pdftex.def)             Requested size: 155.24895pt x 123.64583pt.
 [5pdfTeX warning (ext4): destination with the same identifier (name{figure.0.2
}) has been already used, duplicate ignored

\AtBegShi@Output ...ipout \box \AtBeginShipoutBox 
                                                  \fi \fi 
l.126 
       <./ratio_plot.png>] [6pdfTeX warning (ext4): destination with the same i
dentifier (name{figure.0.3}) has been already used, duplicate ignored

\AtBegShi@Output ...ipout \box \AtBeginShipoutBox 
                                                  \fi \fi 
l.129 T
       he three plots on the right column of the figure(b,d,f) represent the...
 <./acf_ori_gdp.png> <./acf_pre_gdp.png> <./acf_ori_cpi.png> <./acf_pre_cpi.png
> <./acf_ori_ump.png> <./acf_pre_ump.png>]
Overfull \hbox (3.11185pt too wide) in paragraph at lines 155--163
\OT1/cmr/m/n/10 fer-ent in-for-ma-tion cri-te-ria, namely: Akaike in-for-ma-tio
n cri-te-rion (AIC), Bayesian
 []

[7pdfTeX warning (ext4): destination with the same identifier (name{table.0.3})
 has been already used, duplicate ignored

\AtBegShi@Output ...ipout \box \AtBeginShipoutBox 
                                                  \fi \fi 
l.163 
      ]
Overfull \hbox (72.61115pt too wide) in paragraph at lines 167--181
 [][] 
 []


Overfull \hbox (1.64632pt too wide) in paragraph at lines 185--185
[]\OT1/cmr/bx/n/14.4 Train VAR(1) ( As-sign-ment 2,d) [code line:179
 []


Overfull \hbox (4.75551pt too wide) in paragraph at lines 189--190
\OT1/cmr/m/n/10 sonal dummy vari-able . Let $\OML/cmm/b/it/10 Y \OT1/cmr/m/n/10
 = (\OML/cmm/m/it/10 GDP:Ratio; CPI:Ratio; Ump:Change Rate\OT1/cmr/m/n/10 )[]$,

 []

[8pdfTeX warning (ext4): destination with the same identifier (name{table.0.4})
 has been already used, duplicate ignored

\AtBegShi@Output ...ipout \box \AtBeginShipoutBox 
                                                  \fi \fi 
l.190 
      ]
Overfull \hbox (7.45964pt too wide) in paragraph at lines 232--232
[]\OT1/cmr/bx/n/14.4 Diagnostic Test (As-sign-ment 2,e) [code line:187
 []

[9]
<qq_gdp.png, id=163, 567.11874pt x 451.6875pt>
File: qq_gdp.png Graphic file (type png)
<use qq_gdp.png>
Package pdftex.def Info: qq_gdp.png  used on input line 244.
(pdftex.def)             Requested size: 103.50105pt x 82.43056pt.
<qq_cpi.png, id=164, 567.11874pt x 451.6875pt>
File: qq_cpi.png Graphic file (type png)
<use qq_cpi.png>
Package pdftex.def Info: qq_cpi.png  used on input line 247.
(pdftex.def)             Requested size: 103.50105pt x 82.43056pt.
<qq_ump.png, id=165, 567.11874pt x 451.6875pt>
File: qq_ump.png Graphic file (type png)
<use qq_ump.png>
Package pdftex.def Info: qq_ump.png  used on input line 250.
(pdftex.def)             Requested size: 103.50105pt x 82.43056pt.
<var_stab.png, id=168, 1288.815pt x 1028.84375pt>
File: var_stab.png Graphic file (type png)
<use var_stab.png>
Package pdftex.def Info: var_stab.png  used on input line 263.
(pdftex.def)             Requested size: 345.0pt x 275.4053pt.
 [10pdfTeX warning (ext4): destination with the same identifier (name{figure.0.
4}) has been already used, duplicate ignored

\AtBegShi@Output ...ipout \box \AtBeginShipoutBox 
                                                  \fi \fi 
l.267 
       <./qq_gdp.png> <./qq_cpi.png> <./qq_ump.png>]
<var_residual.png, id=181, 567.11874pt x 451.6875pt>
File: var_residual.png Graphic file (type png)
<use var_residual.png>
Package pdftex.def Info: var_residual.png  used on input line 272.
(pdftex.def)             Requested size: 345.0pt x 274.7846pt.
 [11pdfTeX warning (ext4): destination with the same identifier (name{figure.0.
5}) has been already used, duplicate ignored

\AtBegShi@Output ...ipout \box \AtBeginShipoutBox 
                                                  \fi \fi 
l.276 
       <./var_stab.png>]
Overfull \hbox (6.1247pt too wide) in paragraph at lines 278--278
[]\OT1/cmr/bx/n/14.4 One-step and Three-step Fore-cast (As-sign-ment
 []

<forecast_gdp.png, id=187, 567.11874pt x 451.6875pt>
File: forecast_gdp.png Graphic file (type png)
<use forecast_gdp.png>
Package pdftex.def Info: forecast_gdp.png  used on input line 286.
(pdftex.def)             Requested size: 155.24895pt x 123.64583pt.
<mse_gdp.png, id=188, 567.11874pt x 451.6875pt>
File: mse_gdp.png Graphic file (type png)
<use mse_gdp.png>
Package pdftex.def Info: mse_gdp.png  used on input line 289.
(pdftex.def)             Requested size: 155.24895pt x 123.64583pt.
<forecast_cpi.png, id=189, 567.11874pt x 451.6875pt>
File: forecast_cpi.png Graphic file (type png)
<use forecast_cpi.png>
Package pdftex.def Info: forecast_cpi.png  used on input line 293.
(pdftex.def)             Requested size: 155.24895pt x 123.64583pt.
<mse_cpi.png, id=190, 567.11874pt x 451.6875pt>
File: mse_cpi.png Graphic file (type png)
<use mse_cpi.png>
Package pdftex.def Info: mse_cpi.png  used on input line 296.
(pdftex.def)             Requested size: 155.24895pt x 123.64583pt.
<forecast_ump.png, id=191, 567.11874pt x 451.6875pt>
File: forecast_ump.png Graphic file (type png)
<use forecast_ump.png>
Package pdftex.def Info: forecast_ump.png  used on input line 300.
(pdftex.def)             Requested size: 155.24895pt x 123.64583pt.
<mse_ump.png, id=192, 567.11874pt x 451.6875pt>
File: mse_ump.png Graphic file (type png)
<use mse_ump.png>
Package pdftex.def Info: mse_ump.png  used on input line 303.
(pdftex.def)             Requested size: 155.24895pt x 123.64583pt.
[12pdfTeX warning (ext4): destination with the same identifier (name{figure.0.6
}) has been already used, duplicate ignored

\AtBegShi@Output ...ipout \box \AtBeginShipoutBox 
                                                  \fi \fi 
l.307 
       <./var_residual.png>] [13pdfTeX warning (ext4): destination with the sam
e identifier (name{figure.0.7}) has been already used, duplicate ignored

\AtBegShi@Output ...ipout \box \AtBeginShipoutBox 
                                                  \fi \fi 
l.309 
       <./forecast_gdp.png> <./mse_gdp.png> <./forecast_cpi.png> <./mse_cpi.png
> <./forecast_ump.png> <./mse_ump.png>]
Overfull \hbox (10.58629pt too wide) in paragraph at lines 318--318
[]\OT1/cmr/bx/n/14.4 Granger-Causality test(Assignment 3, a) [code
 []

[14]
LaTeX Font Info:    Trying to load font information for OML+cmr on input line 3
61.
 (/usr/local/texlive/2020/texmf-dist/tex/latex/base/omlcmr.fd
File: omlcmr.fd 2019/12/16 v2.5j Standard LaTeX font definitions
)
LaTeX Font Info:    Font shape `OML/cmr/m/n' in size <10> not available
(Font)              Font shape `OML/cmm/m/it' tried instead on input line 361.
 [15pdfTeX warning (ext4): destination with the same identifier (name{table.0.5
}) has been already used, duplicate ignored

\AtBegShi@Output ...ipout \box \AtBeginShipoutBox 
                                                  \fi \fi 
l.376 
      ]
Overfull \hbox (1.96475pt too wide) in paragraph at lines 389--389
[]\OT1/cmr/bx/n/14.4 Impulse-Response Anal-y-sis(Assignment 3, b)
 []

<irf_1.png, id=229, 567.11874pt x 451.6875pt>
File: irf_1.png Graphic file (type png)
<use irf_1.png>
Package pdftex.def Info: irf_1.png  used on input line 396.
(pdftex.def)             Requested size: 165.59853pt x 131.88889pt.
<irf_2.png, id=230, 567.11874pt x 451.6875pt>
File: irf_2.png Graphic file (type png)
<use irf_2.png>
Package pdftex.def Info: irf_2.png  used on input line 399.
(pdftex.def)             Requested size: 165.59853pt x 131.88889pt.
<irf_3.png, id=231, 567.11874pt x 451.6875pt>
File: irf_3.png Graphic file (type png)
<use irf_3.png>
Package pdftex.def Info: irf_3.png  used on input line 403.
(pdftex.def)             Requested size: 165.59853pt x 131.88889pt.
[16pdfTeX warning (ext4): destination with the same identifier (name{table.0.6}
) has been already used, duplicate ignored

\AtBegShi@Output ...ipout \box \AtBeginShipoutBox 
                                                  \fi \fi 
l.407 
      ] [17pdfTeX warning (ext4): destination with the same identifier (name{fi
gure.0.8}) has been already used, duplicate ignored

\AtBegShi@Output ...ipout \box \AtBeginShipoutBox 
                                                  \fi \fi 
l.424 
       <./irf_1.png> <./irf_2.png> <./irf_3.png>]
Overfull \hbox (50.43468pt too wide) in paragraph at lines 432--432
[]\OT1/cmr/bx/n/14.4 Forecast Er-ror Vari-ance De-com-po-si-tion(Assignment
 []

<fevd.png, id=249, 2786.41pt x 1540.75626pt>
File: fevd.png Graphic file (type png)
<use fevd.png>
Package pdftex.def Info: fevd.png  used on input line 438.
(pdftex.def)             Requested size: 345.0pt x 190.76027pt.
[18pdfTeX warning (ext4): destination with the same identifier (name{figure.0.9
}) has been already used, duplicate ignored

\AtBegShi@Output ...ipout \box \AtBeginShipoutBox 
                                                  \fi \fi 
l.444 
       <./fevd.png>]
Package atveryend Info: Empty hook `BeforeClearDocument' on input line 452.
 [19]
Package atveryend Info: Empty hook `AfterLastShipout' on input line 452.
 (./multi.aux)
Package atveryend Info: Executing hook `AtVeryEndDocument' on input line 452.
Package atveryend Info: Executing hook `AtEndAfterFileList' on input line 452.
Package rerunfilecheck Info: File `multi.out' has not changed.
(rerunfilecheck)             Checksum: C928353F888603404CD6687C5FB7EC45;1183.
Package atveryend Info: Empty hook `AtVeryVeryEnd' on input line 452.
 ) 
Here is how much of TeX's memory you used:
 6858 strings out of 480608
 102497 string characters out of 5903631
 371767 words of memory out of 5000000
 22538 multiletter control sequences out of 15000+600000
 543406 words of font info for 62 fonts, out of 8000000 for 9000
 1141 hyphenation exceptions out of 8191
 34i,23n,29p,1154b,338s stack positions out of 5000i,500n,10000p,200000b,80000s
</usr/local/texlive/2020/texmf-dist/fonts/type1/public/amsfonts/cmextra/cmbsy
7.pfb></usr/local/texlive/2020/texmf-dist/fonts/type1/public/amsfonts/cm/cmbx10
.pfb></usr/local/texlive/2020/texmf-dist/fonts/type1/public/amsfonts/cm/cmbx12.
pfb></usr/local/texlive/2020/texmf-dist/fonts/type1/public/amsfonts/cm/cmbx7.pf
b></usr/local/texlive/2020/texmf-dist/fonts/type1/public/amsfonts/cm/cmex10.pfb
></usr/local/texlive/2020/texmf-dist/fonts/type1/public/amsfonts/cm/cmmi10.pfb>
</usr/local/texlive/2020/texmf-dist/fonts/type1/public/amsfonts/cm/cmmib10.pfb>
</usr/local/texlive/2020/texmf-dist/fonts/type1/public/amsfonts/cmextra/cmmib7.
pfb></usr/local/texlive/2020/texmf-dist/fonts/type1/public/amsfonts/cm/cmr10.pf
b></usr/local/texlive/2020/texmf-dist/fonts/type1/public/amsfonts/cm/cmr12.pfb>
</usr/local/texlive/2020/texmf-dist/fonts/type1/public/amsfonts/cm/cmr17.pfb></
usr/local/texlive/2020/texmf-dist/fonts/type1/public/amsfonts/cm/cmr7.pfb></usr
/local/texlive/2020/texmf-dist/fonts/type1/public/amsfonts/cm/cmr8.pfb></usr/lo
cal/texlive/2020/texmf-dist/fonts/type1/public/amsfonts/cm/cmsy10.pfb></usr/loc
al/texlive/2020/texmf-dist/fonts/type1/public/amsfonts/cm/cmtt10.pfb>
Output written on multi.pdf (20 pages, 1102438 bytes).
PDF statistics:
 326 PDF objects out of 1000 (max. 8388607)
 240 compressed objects within 3 object streams
 66 named destinations out of 1000 (max. 500000)
 212 words of extra memory for PDF output out of 10000 (max. 10000000)

